\BOOKMARK [0][-]{chapter*.1}{\376\377\144\130\211\201}{}% 1
\BOOKMARK [0][-]{chapter.1}{\376\377\144\130\211\201}{}% 2
\BOOKMARK [0][-]{chapter.2}{\376\377\230\171\166\356\116\313\176\315}{}% 3
\BOOKMARK [1][-]{section.2.1}{\376\377\230\171\166\356\200\314\146\157}{chapter.2}% 4
\BOOKMARK [1][-]{section.2.2}{\376\377\230\171\166\356\166\356\150\007}{chapter.2}% 5
\BOOKMARK [0][-]{chapter.3}{\376\377\230\171\166\356\213\276\213\241\116\016\133\236\163\260}{}% 6
\BOOKMARK [1][-]{section.3.1}{\376\377\170\154\116\366\213\276\213\241}{chapter.3}% 7
\BOOKMARK [2][-]{subsection.3.1.1}{\376\377\000t\000e\000x\000t}{section.3.1}% 8
\BOOKMARK [2][-]{subsection.3.1.2}{\376\377\000t\000e\000x\000t}{section.3.1}% 9
\BOOKMARK [2][-]{subsection.3.1.3}{\376\377\000t\000e\000x\000t}{section.3.1}% 10
\BOOKMARK [2][-]{subsection.3.1.4}{\376\377\000t\000e\000x\000t}{section.3.1}% 11
\BOOKMARK [2][-]{subsection.3.1.5}{\376\377\000t\000e\000x\000t}{section.3.1}% 12
\BOOKMARK [2][-]{subsection.3.1.6}{\376\377\000t\000e\000x\000t}{section.3.1}% 13
\BOOKMARK [1][-]{section.3.2}{\376\377\217\157\116\366\213\276\213\241}{chapter.3}% 14
\BOOKMARK [2][-]{subsection.3.2.1}{\376\377\000t\000e\000x\000t}{section.3.2}% 15
\BOOKMARK [2][-]{subsection.3.2.2}{\376\377\000t\000e\000x\000t}{section.3.2}% 16
\BOOKMARK [2][-]{subsection.3.2.3}{\376\377\000t\000e\000x\000t}{section.3.2}% 17
\BOOKMARK [1][-]{section.3.3}{\376\377\116\343\170\001\116\313\176\315}{chapter.3}% 18
\BOOKMARK [2][-]{subsection.3.3.1}{\376\377\122\035\131\313\123\026\124\214\221\115\177\156}{section.3.3}% 19
\BOOKMARK [2][-]{subsection.3.3.2}{\376\377\116\073\122\237\200\375\133\236\163\260}{section.3.3}% 20
\BOOKMARK [2][-]{subsection.3.3.3}{\376\377\162\171\133\232\147\141\116\366\124\315\136\224}{section.3.3}% 21
\BOOKMARK [2][-]{subsection.3.3.4}{\376\377\137\252\163\257\117\123\176\323\147\204}{section.3.3}% 22
\BOOKMARK [1][-]{section.3.4}{\376\377\142\200\147\057\133\236\163\260\176\306\202\202}{chapter.3}% 23
\BOOKMARK [2][-]{subsection.3.4.1}{\376\377\000t\000e\000x\000t}{section.3.4}% 24
\BOOKMARK [2][-]{subsection.3.4.2}{\376\377\000t\000e\000x\000t}{section.3.4}% 25
\BOOKMARK [2][-]{subsection.3.4.3}{\376\377\000t\000e\000x\000t}{section.3.4}% 26
\BOOKMARK [0][-]{chapter.4}{\376\377\122\237\200\375\134\125\171\072}{}% 27
\BOOKMARK [1][-]{section.4.1}{\376\377\122\237\200\375\143\317\217\360}{chapter.4}% 28
\BOOKMARK [2][-]{subsection.4.1.1}{\376\377\000t\000e\000x\000t}{section.4.1}% 29
\BOOKMARK [2][-]{subsection.4.1.2}{\376\377\000t\000e\000x\000t}{section.4.1}% 30
\BOOKMARK [1][-]{section.4.2}{\376\377\157\024\171\072\176\323\147\234}{chapter.4}% 31
\BOOKMARK [2][-]{subsection.4.2.1}{\376\377\000t\000e\000x\000t}{section.4.2}% 32
\BOOKMARK [2][-]{subsection.4.2.2}{\376\377\000t\000e\000x\000t}{section.4.2}% 33
\BOOKMARK [0][-]{chapter.5}{\376\377\162\151\145\231\116\016\142\020\147\054}{}% 34
\BOOKMARK [1][-]{section.5.1}{\376\377\162\151\145\231\156\005\123\125}{chapter.5}% 35
\BOOKMARK [1][-]{section.5.2}{\376\377\230\171\166\356\142\020\147\054}{chapter.5}% 36
\BOOKMARK [1][-]{section.5.3}{\376\377\143\137\200\027\116\016\143\137\127\117}{chapter.5}% 37
\BOOKMARK [1][-]{section.5.4}{\376\377\116\073\211\201\162\151\145\231\126\376\162\107\134\125\171\072}{chapter.5}% 38
\BOOKMARK [0][-]{chapter.6}{\376\377\116\052\116\272\215\041\163\056}{}% 39
\BOOKMARK [1][-]{section.6.1}{\376\377\142\245\124\112\144\260\121\231}{chapter.6}% 40
\BOOKMARK [1][-]{section.6.2}{\376\377\177\026\170\001\135\345\117\134}{chapter.6}% 41
\BOOKMARK [1][-]{section.6.3}{\376\377\170\154\116\366\217\336\143\245}{chapter.6}% 42
\BOOKMARK [1][-]{section.6.4}{\376\377\215\104\147\054\142\225\121\145}{chapter.6}% 43
\BOOKMARK [1][-]{section.6.5}{\376\377\137\000\123\321\225\356\230\230\143\317\217\360\116\016\211\343\121\263\145\271\150\110}{chapter.6}% 44
\BOOKMARK [2][-]{subsection.6.5.1}{\376\377\000t\000e\000x\000t}{section.6.5}% 45
\BOOKMARK [2][-]{subsection.6.5.2}{\376\377\000t\000e\000x\000t}{section.6.5}% 46
\BOOKMARK [2][-]{subsection.6.5.3}{\376\377\000t\000e\000x\000t}{section.6.5}% 47
\BOOKMARK [2][-]{subsection.6.5.4}{\376\377\000t\000e\000x\000t}{section.6.5}% 48
\BOOKMARK [0][-]{chapter.7}{\376\377\230\171\166\356\142\020\147\234\116\016\123\315\140\035}{}% 49
\BOOKMARK [1][-]{section.7.1}{\376\377\142\020\147\234\134\125\171\072}{chapter.7}% 50
\BOOKMARK [1][-]{section.7.2}{\376\377\230\171\166\356\213\304\117\060}{chapter.7}% 51
\BOOKMARK [2][-]{subsection.7.2.1}{\376\377\142\020\122\237\116\113\131\004}{section.7.2}% 52
\BOOKMARK [2][-]{subsection.7.2.2}{\376\377\116\015\215\263\116\113\131\004}{section.7.2}% 53
\BOOKMARK [1][-]{section.7.3}{\376\377\116\052\116\272\123\315\140\035}{chapter.7}% 54
\BOOKMARK [0][-]{chapter.8}{\376\377\226\104\137\125}{}% 55
\BOOKMARK [1][-]{section.8.1}{\376\377\133\214\145\164\116\343\170\001\226\104\137\125}{chapter.8}% 56
\BOOKMARK [1][-]{section.8.2}{\376\377\123\302\200\003\215\104\145\231\060\001\145\207\163\056}{chapter.8}% 57
\BOOKMARK [0][-]{chapter*.4}{\376\377\123\302\200\003\145\207\163\056}{}% 58
\BOOKMARK [0][-]{appendix*.6}{\376\377\213\276\213\241\126\376\176\270}{}% 59
\BOOKMARK [1][-]{section.Alph0.1}{\376\377\165\065\215\357\123\237\164\006\126\376}{appendix*.6}% 60
\BOOKMARK [0][-]{appendix*.7}{\376\377\116\343\170\001\156\005\123\125}{}% 61
